[0.096s] Invoking command in '/home/juan_c/ros2_ws/build/manipulator_description': /usr/bin/cmake --build /home/juan_c/ros2_ws/build/manipulator_description -- -j4 -l4
[0.430s] -- Found ament_cmake: 2.0.3 (/opt/ros/iron/share/ament_cmake/cmake)
[1.049s] Traceback (most recent call last):
[1.050s]   File "/opt/ros/iron/share/ament_cmake_core/cmake/package_templates/templates_2_cmake.py", line 21, in <module>
[1.051s]     from ament_package.templates import get_environment_hook_template_path
[1.051s] ModuleNotFoundError: No module named 'ament_package'
[1.086s] [31mCMake Error at /opt/ros/iron/share/ament_cmake_core/cmake/ament_cmake_package_templates-extras.cmake:41 (message):
[1.089s]   execute_process(/usr/bin/python3.10
[1.090s]   /opt/ros/iron/share/ament_cmake_core/cmake/package_templates/templates_2_cmake.py
[1.090s]   /home/juan_c/ros2_ws/build/manipulator_description/ament_cmake_package_templates/templates.cmake)
[1.090s]   returned error code 1
[1.091s] Call Stack (most recent call first):
[1.091s]   /opt/ros/iron/share/ament_cmake_core/cmake/ament_cmake_coreConfig.cmake:41 (include)
[1.091s]   /opt/ros/iron/share/ament_cmake/cmake/ament_cmake_export_dependencies-extras.cmake:15 (find_package)
[1.092s]   /opt/ros/iron/share/ament_cmake/cmake/ament_cmakeConfig.cmake:41 (include)
[1.092s]   CMakeLists.txt:9 (find_package)
[1.092s] 
[1.092s] [0m
[1.093s] -- Configuring incomplete, errors occurred!
[1.093s] See also "/home/juan_c/ros2_ws/build/manipulator_description/CMakeFiles/CMakeOutput.log".
[1.096s] gmake: *** [Makefile:226: cmake_check_build_system] Error 1
[1.104s] Invoked command in '/home/juan_c/ros2_ws/build/manipulator_description' returned '2': /usr/bin/cmake --build /home/juan_c/ros2_ws/build/manipulator_description -- -j4 -l4
