[0.024s] Invoking command in '/home/juan_c/ros2_ws/build/manipulator_description': /usr/bin/cmake --build /home/juan_c/ros2_ws/build/manipulator_description -- -j4 -l4
[0.096s] -- Found ament_cmake: 2.0.3 (/opt/ros/iron/share/ament_cmake/cmake)
[0.650s] Traceback (most recent call last):
[0.650s]   File "/opt/ros/iron/share/ament_cmake_core/cmake/package_templates/templates_2_cmake.py", line 21, in <module>
[0.651s]     from ament_package.templates import get_environment_hook_template_path
[0.651s] ModuleNotFoundError: No module named 'ament_package'
[0.686s] [31mCMake Error at /opt/ros/iron/share/ament_cmake_core/cmake/ament_cmake_package_templates-extras.cmake:41 (message):
[0.687s]   execute_process(/usr/bin/python3.10
[0.687s]   /opt/ros/iron/share/ament_cmake_core/cmake/package_templates/templates_2_cmake.py
[0.687s]   /home/juan_c/ros2_ws/build/manipulator_description/ament_cmake_package_templates/templates.cmake)
[0.688s]   returned error code 1
[0.688s] Call Stack (most recent call first):
[0.688s]   /opt/ros/iron/share/ament_cmake_core/cmake/ament_cmake_coreConfig.cmake:41 (include)
[0.688s]   /opt/ros/iron/share/ament_cmake/cmake/ament_cmake_export_dependencies-extras.cmake:15 (find_package)
[0.689s]   /opt/ros/iron/share/ament_cmake/cmake/ament_cmakeConfig.cmake:41 (include)
[0.689s]   CMakeLists.txt:9 (find_package)
[0.689s] 
[0.689s] [0m
[0.690s] -- Configuring incomplete, errors occurred!
[0.690s] See also "/home/juan_c/ros2_ws/build/manipulator_description/CMakeFiles/CMakeOutput.log".
[0.696s] gmake: *** [Makefile:226: cmake_check_build_system] Error 1
[0.701s] Invoked command in '/home/juan_c/ros2_ws/build/manipulator_description' returned '2': /usr/bin/cmake --build /home/juan_c/ros2_ws/build/manipulator_description -- -j4 -l4
